M001 1274 0 0
M004 518 7336 1
M003 1848 3864 1
M033 896 3990 1
M006 392 0 1
M002 2870 7616 0
M030 2142 7182 1
M048 2142 8484 1
M044 1274 3234 0
M008 896 6692 0
M045 2870 9170 0
M005 2982 0 0
M037 2982 2296 1
M034 2982 3514 0
M046 392 3990 1
M023 392 1862 1
M028 0 6622 0
M029 392 2996 0
M043 2982 1386 1
M009 2982 5040 1
M036 896 6244 0
M038 1890 6048 1
M018 882 1862 1
M031 882 2940 0
M014 0 8484 0
M047 364 5810 0
M022 896 5880 0
M015 0 9408 0
M040 0 0 0
M035 0 868 1
M012 2142 9786 1
M021 0 1722 0
M019 0 2548 0
M011 518 10416 0
M041 0 4872 0
M027 0 5726 0
M007 2982 6020 0
M032 1344 10416 0
M017 0 3374 0
M049 0 4130 0
M039 2142 6496 1
M016 2548 9786 0
M026 2982 6888 0
M025 2142 6860 0
M024 0 7686 1
M020 266 7686 1
M010 392 5194 0
M013 2870 10332 1
M042 2982 4662 0
