M001 1120 882 0
M004 2128 5362 1
M003 1120 6370 1
M033 1120 4116 1
M006 392 0 0
M002 364 5586 0
M030 392 882 1
M048 392 2184 1
M044 392 4284 0
M008 2576 4116 0
M045 364 7140 0
M005 3262 1568 0
M037 3794 3430 1
M034 3794 4648 0
M046 2072 4116 1
M023 2254 0 0
M028 3794 1568 0
M029 3388 0 1
M043 3262 2954 1
M009 3262 3864 1
M036 3794 5796 1
M038 3794 6790 0
M018 2254 490 0
M031 3332 490 1
M014 2828 1694 0
M047 2828 882 0
M022 1120 6006 0
M015 2828 2618 0
M040 0 0 0
M035 0 868 1
M012 392 3486 1
M021 0 1722 0
M019 0 2548 0
M011 2128 8442 0
M041 0 4872 0
M027 0 5726 0
M007 0 6566 0
M032 2954 8442 0
M017 0 3374 0
M049 0 4130 0
M039 3262 882 1
M016 798 3486 0
M026 0 7434 0
M025 3262 1246 0
M024 3794 2632 1
M020 4060 2632 1
M010 3794 7924 0
M013 364 8302 1
M042 3794 7756 0
