bk4 133 0 1
bk13 567 0 0
bk17a 266 0 1
bk20 266 371 0
bk12 567 497 0
bk8b 707 763 1
bk10a 707 889 0
bk1 133 560 1
bk8a 826 476 1
bk21 826 0 1
bk9c 448 0 1
bk6 966 0 0
bk3 0 0 0
bk15b 448 357 0
bk2 0 315 0
bk18 266 721 0
bk17b 266 924 0
bk14b 707 0 1
bk15a 707 294 0
bk5c 0 609 0
bk14a 707 1008 0
bk5b 0 840 1
bk10b 826 315 1
bk9a 903 1008 0
bk11 448 693 1
bk14c 966 315 1
bk5a 133 896 0
bk7 567 903 1
bk16 448 868 0
bk9b 707 560 0
bk9d 707 679 0
bk19 448 994 1
bk10c 448 1078 0
