M001 3612 0 0
M004 2002 0 1
M003 3612 3234 1
M033 2646 3458 1
M006 1120 0 1
M002 4620 3234 0
M030 0 0 1
M048 0 1302 1
M044 2002 4704 0
M008 2002 3458 0
M045 4620 4788 0
M005 5320 0 0
M037 0 3402 1
M034 0 4620 0
M046 5320 4970 1
M023 1120 1862 1
M028 5320 2296 0
M029 1120 2996 0
M043 5320 1386 1
M009 560 4872 1
M036 1120 3990 1
M038 1120 4984 0
M018 1610 1862 1
M031 1610 2940 0
M014 5838 2310 0
M047 5320 4158 0
M022 2646 5348 0
M015 5838 3234 0
M040 728 0 0
M035 728 868 1
M012 0 2604 1
M021 728 1722 0
M019 728 2548 0
M011 2002 3080 0
M041 5852 616 0
M027 5852 1470 0
M007 5838 4074 0
M032 2828 3080 0
M017 728 3374 0
M049 728 4130 0
M039 3612 5418 0
M016 406 2604 0
M026 5838 4942 0
M025 3976 5418 1
M024 5320 3360 1
M020 5586 3360 1
M010 5852 0 0
M013 4620 5950 1
M042 5838 5670 0
